<?xml version="1.0" encoding="UTF-8"?>
<!-- Generated by org.testng.reporters.JUnitXMLReporter -->
<testsuite ignored="0" hostname="Tezs-MacBook-Pro.local" failures="0" tests="4" name="Test" time="3.691" errors="0" timestamp="2025-10-05T09:53:10 EDT">
  <testcase classname="Docker.ChromeTest3" name="Test" time="1.041"/>
  <testcase classname="Docker.ChromeTest1" name="Test" time="1.121"/>
  <testcase classname="Docker.ChromeTest2" name="Test" time="1.382"/>
  <testcase classname="Docker.FireFoxTest4" name="Test" time="3.678"/>
</testsuite> <!-- Test -->
