<?xml version="1.0" encoding="UTF-8"?>
<testng-results ignored="0" total="2" passed="2" failed="0" skipped="0">
  <reporter-output>
  </reporter-output>
  <suite started-at="2025-10-07T21:25:02 EDT" name="Default suite" finished-at="2025-10-07T21:25:42 EDT" duration-ms="40043">
    <groups>
    </groups>
    <test started-at="2025-10-07T21:25:02 EDT" name="Default test" finished-at="2025-10-07T21:25:42 EDT" duration-ms="40043">
      <class name="Docker.SetUpDockerGrid">
        <test-method signature="startDockerGrid()[pri:1, instance:Docker.SetUpDockerGrid@72a7c7e0]" started-at="2025-10-07T21:25:02 EDT" name="startDockerGrid" finished-at="2025-10-07T21:25:22 EDT" duration-ms="20014" status="PASS">
          <reporter-output>
          </reporter-output>
        </test-method> <!-- startDockerGrid -->
        <test-method signature="stopDockerGrid()[pri:2, instance:Docker.SetUpDockerGrid@72a7c7e0]" started-at="2025-10-07T21:25:22 EDT" name="stopDockerGrid" finished-at="2025-10-07T21:25:42 EDT" duration-ms="20009" status="PASS">
          <reporter-output>
          </reporter-output>
        </test-method> <!-- stopDockerGrid -->
      </class> <!-- Docker.SetUpDockerGrid -->
    </test> <!-- Default test -->
  </suite> <!-- Default suite -->
</testng-results>
