<?xml version="1.0" encoding="UTF-8"?>
<testng-results ignored="0" total="2" passed="2" failed="0" skipped="0">
  <reporter-output>
  </reporter-output>
  <suite started-at="2025-10-07T17:17:49 EDT" name="Default suite" finished-at="2025-10-07T17:17:56 EDT" duration-ms="7050">
    <groups>
    </groups>
    <test started-at="2025-10-07T17:17:49 EDT" name="Default test" finished-at="2025-10-07T17:17:56 EDT" duration-ms="7050">
      <class name="Docker.SetUpDockerGrid">
        <test-method signature="startDockerGrid()[pri:1, instance:Docker.SetUpDockerGrid@72a7c7e0]" started-at="2025-10-07T17:17:49 EDT" name="startDockerGrid" finished-at="2025-10-07T17:17:51 EDT" duration-ms="2016" status="PASS">
          <reporter-output>
          </reporter-output>
        </test-method> <!-- startDockerGrid -->
        <test-method signature="stopDockerGrid()[pri:2, instance:Docker.SetUpDockerGrid@72a7c7e0]" started-at="2025-10-07T17:17:51 EDT" name="stopDockerGrid" finished-at="2025-10-07T17:17:56 EDT" duration-ms="5012" status="PASS">
          <reporter-output>
          </reporter-output>
        </test-method> <!-- stopDockerGrid -->
      </class> <!-- Docker.SetUpDockerGrid -->
    </test> <!-- Default test -->
  </suite> <!-- Default suite -->
</testng-results>
